[main] Parameters:
[main] gIter=13
[main] outputDir=logs0
[main] types=../../../resources/geo.types
[main] nplist=../../../resources/np-list.lex
[main] trainingMaxSentenceLength=50
[main] ont=../../../resources/geo.consts.ont:../../../resources/geo.preds.ont
[main] seedlex=../../../resources/seed.lex
[main] gBeam=50
[main] lexbeam=100
[main] wordSkippingCost=-1.0
[main] globalLog=logs0/global.log
[main] Null parameter value: serial
[main] TinyExecutorService :: Creating executor with 4 threads
[main] Init :: LogicalExpressionCategoryServices: doTypeChecking=true
[main] Creating resource ruleComp of type rule.composition ...
[main] Creating resource ruleApp of type rule.application ...
[main] Creating resource shiftPP of type rule.shifting.pp ...
[main] Creating resource ruleRaiseComp of type rule.typeraise.composition.forward ...
[main] Creating resource ruleThatless of type rule.thatless ...
[main] Creating resource rulePluralExists of type rule.shift.pluralexists ...
[main] Creating resource nfValidator of type nf.eisner ...
[main] Null parameter value: extraConstraints
[main] Null parameter value: extraConstraints
[main] Init NormalFormValidator :: constraints=[edu.cornell.cs.nlp.spf.parser.ccg.normalform.eisner.EisnerConstraint@d2de489]
[main] Creating resource parseFilter of type parsefilter.lambda.simple ...
[main] Creating resource parser of type parser.cky.multi ...
[main] Pre-chart pruning creates instability for gradient-based learners.
[main] Null parameter value: generators
[main] Null parameter value: generators
[main] Null parameter value: sloppyGenerators
[main] Null parameter value: sloppyGenerators
[main] Init UnaryConstraint :: rules=[<skip, >skip]
[main] Init NormalFormValidator :: constraints=[edu.cornell.cs.nlp.spf.parser.ccg.normalform.eisner.EisnerConstraint@d2de489, edu.cornell.cs.nlp.spf.parser.ccg.normalform.unaryconstraint.UnaryConstraint@3bcd05cb]
[main] Init :: class edu.cornell.cs.nlp.spf.parser.ccg.cky.multi.MultiCKYParser: pruneLexicalCells=true beamSize=50 ...
[main] Init :: class edu.cornell.cs.nlp.spf.parser.ccg.cky.multi.MultiCKYParser: ... sloppyLexicalGenerator=[edu.cornell.cs.nlp.spf.parser.ccg.cky.sloppy.SimpleWordSkippingLexicalGenerator@4ee203eb] ...
[main] Init :: class edu.cornell.cs.nlp.spf.parser.ccg.cky.multi.MultiCKYParser: ... binary rules=[CKYBinaryParsingRule[>trcomp1], CKYBinaryParsingRule[>thatless], CKYBinaryParsingRule[<skip], CKYBinaryParsingRule[>comp1], CKYBinaryParsingRule[<apply], CKYBinaryParsingRule[>skip], CKYBinaryParsingRule[>plural_exists], CKYBinaryParsingRule[<comp1], CKYBinaryParsingRule[>apply]] ...
[main] Init :: class edu.cornell.cs.nlp.spf.parser.ccg.cky.multi.MultiCKYParser: ... unary rules=[CKYBinaryParsingRule[shift_pp]] ...
[main] Init :: class edu.cornell.cs.nlp.spf.parser.ccg.cky.multi.MultiCKYParser: ... lexical rule=edu.cornell.cs.nlp.spf.parser.ccg.rules.LexicalRule@1a5a4e19 ...
[main] Init :: class edu.cornell.cs.nlp.spf.parser.ccg.cky.multi.MultiCKYParser: ... breakTies=false
[main] TinyExecutorService :: Creating executor with 4 threads
[main] Creating resource filterFactory of type parser.filter.supervised ...
[main] Creating resource uniform0Scorer of type scorer.uniform ...
[main] Creating resource featLogexpCoordination of type feat.logexp.coordination ...
[main] Creating resource featLex of type feat.lex.factored ...
[main] Creating resource featSkip of type feat.lex.dynskip ...
[main] Creating resource featRules of type feat.rules.count ...
[main] Null parameter value: ignore
[main] Null parameter value: ignore
[main] Creating resource lexicon of type lexicon.factored ...
[main] Null parameter value: files
[main] Null parameter value: files
[main] Null parameter value: base
[main] Null parameter value: base
[main] Creating resource model of type model ...
[main] Init Model :: independentLexicalFeatureSets=[edu.cornell.cs.nlp.spf.parser.ccg.factoredlex.features.FactoredLexicalFeatureSet@51bf5add]
[main] .... Model :: featureSets=[edu.cornell.cs.nlp.spf.parser.ccg.factoredlex.features.FactoredLexicalFeatureSet@51bf5add, edu.cornell.cs.nlp.spf.parser.ccg.features.lambda.LogicalExpressionCoordinationFeatureSet@7905a0b8, edu.cornell.cs.nlp.spf.parser.ccg.features.basic.RuleUsageFeatureSet@35a3d49f, edu.cornell.cs.nlp.spf.parser.ccg.features.basic.DynamicWordSkippingFeatures@389b0789]
[main] .... Model :: lexiconClass=FactoredLexicon
[main] .... Model :: paramClass=FastTreeHashVector
[main] Creating resource loggerModel of type logger.model ...
[main] Creating resource validator of type validator.labeled ...
[main] Creating resource genlex of type genlex.template.supervised ...
[main] Init TemplateSupervisedGenlex: #templates=0, maxTokens=4
[main] Creating resource fold0 of type data.single ...
[main] Creating resource fold1 of type data.single ...
[main] Creating resource fold2 of type data.single ...
[main] Creating resource fold3 of type data.single ...
[main] Creating resource fold4 of type data.single ...
[main] Creating resource fold5 of type data.single ...
[main] Creating resource fold6 of type data.single ...
[main] Creating resource fold7 of type data.single ...
[main] Creating resource fold8 of type data.single ...
[main] Creating resource fold9 of type data.single ...
[main] Creating resource train of type data.composite ...
[main] Creating resource test of type data.composite ...
[main] Creating resource tester of type tester ...
[main] Null parameter value: skippingFilter
[main] Null parameter value: skippingFilter
[main] Init Tester:  testData.size()=60
[main] Creating resource learningFilter of type filter.sentence.length ...
[main] Creating resource stocgrad of type learner.validation.stocgrad ...
[main] Init ValidationStocGrad: numIterations=13, trainingData.size()=540, trainingDataDebug.size()=0, maxSentenceLength=2147483647 ...
[main] Init ValidationStocGrad: ... lexiconGenerationBeamSize=100
[main] Init ValidationStocGrad: ... conflateParses=false, erroDriven=true
[main] Init ValidationStocGrad: ... c=0.000100, alpha0=1.000000
[main] Init ValidationStocGrad: ... parsingFilterFactory=edu.cornell.cs.nlp.spf.parser.ccg.lambda.pruning.SupervisedFilterFactory@a3d9978
[main] Creating resource initSeedLex of type init.lex ...
[main] Creating resource initNPs of type init.lex ...
[main] Creating resource expScorer of type scorer.lenexp ...
[main] Creating resource initSeedLexWeights of type init.lex.weights ...
[main] Creating resource initSeedXemeWeights of type init.lex.weights ...
[main] Creating resource initNPsLexWeights of type init.lex.weights ...
[main] Creating resource initNPsXemeWeights of type init.lex.weights ...
[main] Creating resource initWeights of type init.weights ...
[main] Null parameter value: dep
[main] Null parameter value: dep
[main] Started jobs
[main] Jobs completed - ending experiment
[main] Shutting down edu.cornell.cs.nlp.spf.parser.ccg.cky.multi.MultiCKYParser
